<?xml version="1.0" encoding="UTF-8"?>
<!-- Generated by org.testng.reporters.JUnitXMLReporter -->
<testsuite ignored="0" hostname="LTIN283332" failures="0" tests="0" name="Default test" time="3.997" errors="0" timestamp="2024-02-13T15:50:24 IST">
  <testcase classname="io.cucumber.testng.AbstractTestNGCucumberTests" name="@BeforeClass setUpClass" time="3.809">
    <failure type="java.lang.Error" message="Unresolved compilation problems: 
	Cannot switch on a value of type String for source level below 1.7. Only convertible int values or enum variables are permitted
	Cannot switch on a value of type String for source level below 1.7. Only convertible int values or enum variables are permitted
">
      <![CDATA[java.lang.Error: Unresolved compilation problems: 
Cannot switch on a value of type String for source level below 1.7. Only convertible int values or enum variables are permitted
Cannot switch on a value of type String for source level below 1.7. Only convertible int values or enum variables are permitted

at Factory.Baseclass.initilizeBrowser(Baseclass.java:39)
at stepDefinitions.Hooks.setup(Hooks.java:27)
]]>
    </failure>
  </testcase> <!-- @BeforeClass setUpClass -->
</testsuite> <!-- Default test -->
