<?xml version="1.0" encoding="UTF-8"?>
<!-- Generated by org.testng.reporters.JUnitXMLReporter -->
<testsuite ignored="6" hostname="LTIN272714" failures="1" tests="2" name="Default test" time="0.248" errors="0" timestamp="2024-02-13T09:55:48 IST">
  <testcase classname="testCases.TC_0001_Timesheet" name="refresh" time="0.135">
    <failure type="java.lang.IllegalArgumentException" message="Input must be set">
      <![CDATA[java.lang.IllegalArgumentException: Input must be set
at org.openqa.selenium.internal.Require.nonNull(Require.java:60)
at org.openqa.selenium.support.ui.FluentWait.<init>(FluentWait.java:93)
at org.openqa.selenium.support.ui.WebDriverWait.<init>(WebDriverWait.java:74)
at org.openqa.selenium.support.ui.WebDriverWait.<init>(WebDriverWait.java:43)
at pageObjects.timeSheet.<init>(timeSheet.java:35)
at testCases.TC_0001_Timesheet.refresh(TC_0001_Timesheet.java:86)
at java.base/jdk.internal.reflect.DirectMethodHandleAccessor.invoke(DirectMethodHandleAccessor.java:103)
at java.base/java.lang.reflect.Method.invoke(Method.java:580)
at org.testng.internal.MethodInvocationHelper.invokeMethod(MethodInvocationHelper.java:133)
at org.testng.internal.TestInvoker.invokeMethod(TestInvoker.java:598)
at org.testng.internal.TestInvoker.invokeTestMethod(TestInvoker.java:173)
at org.testng.internal.MethodRunner.runInSequence(MethodRunner.java:46)
at org.testng.internal.TestInvoker$MethodInvocationAgent.invoke(TestInvoker.java:824)
at org.testng.internal.TestInvoker.invokeTestMethods(TestInvoker.java:146)
at org.testng.internal.TestMethodWorker.invokeTestMethods(TestMethodWorker.java:146)
at org.testng.internal.TestMethodWorker.run(TestMethodWorker.java:128)
at java.base/java.util.ArrayList.forEach(ArrayList.java:1596)
at org.testng.TestRunner.privateRun(TestRunner.java:794)
at org.testng.TestRunner.run(TestRunner.java:596)
at org.testng.SuiteRunner.runTest(SuiteRunner.java:377)
at org.testng.SuiteRunner.runSequentially(SuiteRunner.java:371)
at org.testng.SuiteRunner.privateRun(SuiteRunner.java:332)
at org.testng.SuiteRunner.run(SuiteRunner.java:276)
at org.testng.SuiteRunnerWorker.runSuite(SuiteRunnerWorker.java:53)
at org.testng.SuiteRunnerWorker.run(SuiteRunnerWorker.java:96)
at org.testng.TestNG.runSuitesSequentially(TestNG.java:1212)
at org.testng.TestNG.runSuitesLocally(TestNG.java:1134)
at org.testng.TestNG.runSuites(TestNG.java:1063)
at org.testng.TestNG.run(TestNG.java:1031)
at org.testng.remote.AbstractRemoteTestNG.run(AbstractRemoteTestNG.java:115)
at org.testng.remote.RemoteTestNG.initAndRun(RemoteTestNG.java:251)
at org.testng.remote.RemoteTestNG.main(RemoteTestNG.java:77)
]]>
    </failure>
  </testcase> <!-- refresh -->
  <testcase classname="testCases.TC_0001_Timesheet" name="verifyLastThreeWeek" time="0.0">
    <skipped/>
  </testcase> <!-- verifyLastThreeWeek -->
  <testcase classname="testCases.TC_0001_Timesheet" name="oneCognizant" time="0.0">
    <ignored/>
  </testcase> <!-- oneCognizant -->
  <testcase classname="testCases.TC_0001_Timesheet" name="verifyCurrentDate" time="0.0">
    <ignored/>
  </testcase> <!-- verifyCurrentDate -->
  <testcase classname="testCases.TC_0001_Timesheet" name="handleTimesheet" time="0.0">
    <ignored/>
  </testcase> <!-- handleTimesheet -->
  <testcase classname="testCases.TC_0001_Timesheet" name="verifyStatus" time="0.0">
    <ignored/>
  </testcase> <!-- verifyStatus -->
  <testcase classname="testCases.TC_0001_Timesheet" name="setup" time="0.0">
    <ignored/>
  </testcase> <!-- setup -->
  <testcase classname="testCases.TC_0001_Timesheet" name="user" time="0.0">
    <ignored/>
  </testcase> <!-- user -->
</testsuite> <!-- Default test -->
