<?xml version="1.0" encoding="UTF-8"?>
<!-- Generated by org.testng.reporters.JUnitXMLReporter -->
<testsuite ignored="0" hostname="LTIN272714" failures="5" tests="7" name="Test" time="15.449" errors="0" timestamp="2024-02-10T21:11:57 IST">
  <testcase classname="testCases.TC_0001_Timesheet" name="user" time="5.155">
    <failure type="java.lang.IllegalArgumentException" message="Driver must be set">
      <![CDATA[java.lang.IllegalArgumentException: Driver must be set
at org.openqa.selenium.internal.Require.nonNull(Require.java:60)
at org.openqa.selenium.interactions.Actions.<init>(Actions.java:58)
at pageObjects.beCognizant.profile(beCognizant.java:55)
at testCases.TC_0001_Timesheet.user(TC_0001_Timesheet.java:37)
at java.base/java.util.ArrayList.forEach(ArrayList.java:1511)
... Removed 27 stack frames]]>
    </failure>
  </testcase> <!-- user -->
  <testcase classname="testCases.TC_0001_Timesheet" name="onecognizant" time="5.018">
    <failure type="java.lang.NullPointerException" message="Cannot invoke &amp;quot;org.openqa.selenium.SearchContext.findElement(org.openqa.selenium.By)&amp;quot; because &amp;quot;this.searchContext&amp;quot; is null">
      <![CDATA[java.lang.NullPointerException: Cannot invoke "org.openqa.selenium.SearchContext.findElement(org.openqa.selenium.By)" because "this.searchContext" is null
at org.openqa.selenium.support.pagefactory.DefaultElementLocator.findElement(DefaultElementLocator.java:68)
at org.openqa.selenium.support.pagefactory.internal.LocatingElementHandler.invoke(LocatingElementHandler.java:38)
at jdk.proxy2/jdk.proxy2.$Proxy12.isDisplayed(Unknown Source)
at pageObjects.beCognizant.assertElementDisplayed(beCognizant.java:38)
at pageObjects.beCognizant.scroll(beCognizant.java:70)
at testCases.TC_0001_Timesheet.onecognizant(TC_0001_Timesheet.java:45)
at java.base/java.util.ArrayList.forEach(ArrayList.java:1511)
... Removed 27 stack frames]]>
    </failure>
  </testcase> <!-- onecognizant -->
  <testcase classname="testCases.TC_0001_Timesheet" name="handleTimesheet" time="0.007">
    <failure type="java.lang.NullPointerException" message="Cannot invoke &amp;quot;Utilities.NavigationUtils.navigatetotimesheet()&amp;quot; because &amp;quot;this.navigationUtils&amp;quot; is null">
      <![CDATA[java.lang.NullPointerException: Cannot invoke "Utilities.NavigationUtils.navigatetotimesheet()" because "this.navigationUtils" is null
at testCases.TC_0001_Timesheet.handleTimesheet(TC_0001_Timesheet.java:52)
at java.base/java.util.ArrayList.forEach(ArrayList.java:1511)
... Removed 27 stack frames]]>
    </failure>
  </testcase> <!-- handleTimesheet -->
  <testcase classname="testCases.TC_0001_Timesheet" name="verifyCurrentDate" time="0.029">
    <failure type="java.lang.NullPointerException" message="Cannot invoke &amp;quot;org.openqa.selenium.SearchContext.findElement(org.openqa.selenium.By)&amp;quot; because &amp;quot;this.searchContext&amp;quot; is null">
      <![CDATA[java.lang.NullPointerException: Cannot invoke "org.openqa.selenium.SearchContext.findElement(org.openqa.selenium.By)" because "this.searchContext" is null
at org.openqa.selenium.support.pagefactory.DefaultElementLocator.findElement(DefaultElementLocator.java:68)
at org.openqa.selenium.support.pagefactory.internal.LocatingElementHandler.invoke(LocatingElementHandler.java:38)
at jdk.proxy2/jdk.proxy2.$Proxy12.isDisplayed(Unknown Source)
at pageObjects.timeSheet.assertElementDisplayed(timeSheet.java:54)
at pageObjects.timeSheet.validateCurrentDate(timeSheet.java:58)
at testCases.TC_0001_Timesheet.verifyCurrentDate(TC_0001_Timesheet.java:59)
at java.base/java.util.ArrayList.forEach(ArrayList.java:1511)
... Removed 27 stack frames]]>
    </failure>
  </testcase> <!-- verifyCurrentDate -->
  <testcase classname="testCases.TC_0001_Timesheet" name="refresh" time="5.011">
    <failure type="java.lang.NullPointerException" message="Cannot invoke &amp;quot;org.openqa.selenium.SearchContext.findElement(org.openqa.selenium.By)&amp;quot; because &amp;quot;this.searchContext&amp;quot; is null">
      <![CDATA[java.lang.NullPointerException: Cannot invoke "org.openqa.selenium.SearchContext.findElement(org.openqa.selenium.By)" because "this.searchContext" is null
at org.openqa.selenium.support.pagefactory.DefaultElementLocator.findElement(DefaultElementLocator.java:68)
at org.openqa.selenium.support.pagefactory.internal.LocatingElementHandler.invoke(LocatingElementHandler.java:38)
at jdk.proxy2/jdk.proxy2.$Proxy12.click(Unknown Source)
at pageObjects.timeSheet.refreshpage(timeSheet.java:72)
at testCases.TC_0001_Timesheet.refresh(TC_0001_Timesheet.java:66)
at java.base/java.util.ArrayList.forEach(ArrayList.java:1511)
... Removed 27 stack frames]]>
    </failure>
  </testcase> <!-- refresh -->
  <testcase classname="testCases.TC_0001_Timesheet" name="verifyLastThreeWeek" time="0.0">
    <skipped/>
  </testcase> <!-- verifyLastThreeWeek -->
  <testcase classname="testCases.TC_0001_Timesheet" name="verifyStatus" time="0.035"/>
</testsuite> <!-- Test -->
