<?xml version="1.0" encoding="UTF-8"?>
<testng-results ignored="0" total="4" passed="4" failed="0" skipped="0">
  <reporter-output>
  </reporter-output>
  <suite started-at="2024-02-13T21:13:55 IST" name="Suite" finished-at="2024-02-13T21:19:23 IST" duration-ms="327988">
    <groups>
      <group name="cucumber">
        <method signature="AbstractTestNGCucumberTests.runScenario(io.cucumber.testng.PickleWrapper,io.cucumber.testng.FeatureWrapper)[pri:0, instance:testRunner.TestRunner@4201c465]" name="runScenario" class="io.cucumber.testng.AbstractTestNGCucumberTests"/>
      </group> <!-- cucumber -->
    </groups>
    <test started-at="2024-02-13T21:13:55 IST" name="Test" finished-at="2024-02-13T21:19:23 IST" duration-ms="327988">
      <class name="testRunner.TestRunner">
        <test-method is-config="true" signature="setUpClass(org.testng.ITestContext)[pri:0, instance:testRunner.TestRunner@4201c465]" started-at="2024-02-13T21:13:55 IST" name="setUpClass" finished-at="2024-02-13T21:14:08 IST" duration-ms="13719" status="PASS">
          <params>
            <param index="0">
              <value>
                <![CDATA[org.testng.TestRunner@2b441609]]>
              </value>
            </param>
          </params>
          <reporter-output>
          </reporter-output>
        </test-method> <!-- setUpClass -->
        <test-method signature="runScenario(io.cucumber.testng.PickleWrapper,io.cucumber.testng.FeatureWrapper)[pri:0, instance:testRunner.TestRunner@4201c465]" started-at="2024-02-13T21:14:08 IST" name="runScenario" description="Runs Cucumber Scenarios" data-provider="scenarios" finished-at="2024-02-13T21:14:42 IST" duration-ms="33212" status="PASS">
          <params>
            <param index="0">
              <value>
                <![CDATA["sucessfull login"]]>
              </value>
            </param>
            <param index="1">
              <value>
                <![CDATA["Validation oneCognizant"]]>
              </value>
            </param>
          </params>
          <reporter-output>
          </reporter-output>
        </test-method> <!-- runScenario -->
        <test-method signature="runScenario(io.cucumber.testng.PickleWrapper,io.cucumber.testng.FeatureWrapper)[pri:0, instance:testRunner.TestRunner@4201c465]" started-at="2024-02-13T21:14:42 IST" name="runScenario" description="Runs Cucumber Scenarios" data-provider="scenarios" finished-at="2024-02-13T21:14:52 IST" duration-ms="10504" status="PASS">
          <params>
            <param index="0">
              <value>
                <![CDATA["Successful validation of user account details"]]>
              </value>
            </param>
            <param index="1">
              <value>
                <![CDATA["Validation oneCognizant"]]>
              </value>
            </param>
          </params>
          <reporter-output>
          </reporter-output>
        </test-method> <!-- runScenario -->
        <test-method signature="runScenario(io.cucumber.testng.PickleWrapper,io.cucumber.testng.FeatureWrapper)[pri:0, instance:testRunner.TestRunner@4201c465]" started-at="2024-02-13T21:14:52 IST" name="runScenario" description="Runs Cucumber Scenarios" data-provider="scenarios" finished-at="2024-02-13T21:15:10 IST" duration-ms="17888" status="PASS">
          <params>
            <param index="0">
              <value>
                <![CDATA["Opening the Timesheet"]]>
              </value>
            </param>
            <param index="1">
              <value>
                <![CDATA["Timesheet validation"]]>
              </value>
            </param>
          </params>
          <reporter-output>
          </reporter-output>
        </test-method> <!-- runScenario -->
        <test-method signature="runScenario(io.cucumber.testng.PickleWrapper,io.cucumber.testng.FeatureWrapper)[pri:0, instance:testRunner.TestRunner@4201c465]" started-at="2024-02-13T21:15:10 IST" name="runScenario" description="Runs Cucumber Scenarios" data-provider="scenarios" finished-at="2024-02-13T21:19:18 IST" duration-ms="247961" status="PASS">
          <params>
            <param index="0">
              <value>
                <![CDATA["Timesheet verification"]]>
              </value>
            </param>
            <param index="1">
              <value>
                <![CDATA["Timesheet validation"]]>
              </value>
            </param>
          </params>
          <reporter-output>
          </reporter-output>
        </test-method> <!-- runScenario -->
        <test-method is-config="true" signature="tearDownClass()[pri:0, instance:testRunner.TestRunner@4201c465]" started-at="2024-02-13T21:19:18 IST" name="tearDownClass" finished-at="2024-02-13T21:19:23 IST" duration-ms="4533" status="PASS">
          <reporter-output>
          </reporter-output>
        </test-method> <!-- tearDownClass -->
      </class> <!-- testRunner.TestRunner -->
    </test> <!-- Test -->
  </suite> <!-- Suite -->
</testng-results>
